<?xml version="1.0" encoding="UTF-8"?>
<!-- Generated by org.testng.reporters.JUnitReportReporter -->
<testsuite hostname="ASDP1512PO01976" name="com.qait.android.TestChrome" tests="1" failures="0" timestamp="25 Jul 2019 11:52:25 GMT" time="19.086" errors="0">
  <testcase name="launchHRISPortal" time="19.086" classname="com.qait.android.TestChrome"/>
</testsuite> <!-- com.qait.android.TestChrome -->
